This file contains any messages produced by compilers while
running configure, to aid debugging if configure makes a mistake.

It was created by libnl configure 3.2.25, which was
generated by GNU Autoconf 2.69.  Invocation command line was

  $ ./configure --host=armv8-rpi3-linux-gnueabihf --prefix=/home/ubuntu/Desktop/smartcam/libnl-3.2.25/install

## --------- ##
## Platform. ##
## --------- ##

hostname = ubuntu-Virtual-Machine
uname -m = x86_64
uname -r = 5.3.0-51-generic
uname -s = Linux
uname -v = #44~18.04.2-Ubuntu SMP Thu Apr 23 14:27:18 UTC 2020

/usr/bin/uname -p = unknown
/bin/uname -X     = unknown

/bin/arch              = unknown
/usr/bin/arch -k       = unknown
/usr/convex/getsysinfo = unknown
/usr/bin/hostinfo      = unknown
/bin/machine           = unknown
/usr/bin/oslevel       = unknown
/bin/universe          = unknown

PATH: /sbin
PATH: /bin
PATH: /usr/bin
PATH: /usr/local/bin
PATH: /snap/bin
PATH: /home/ubuntu/Desktop/smartcam/tools/armv8-rpi3-linux-gnueabihf/bin


## ----------- ##
## Core tests. ##
## ----------- ##

configure:2206: checking for a BSD-compatible install
configure:2274: result: /usr/bin/install -c
configure:2285: checking whether build environment is sane
configure:2340: result: yes
configure:2399: checking for armv8-rpi3-linux-gnueabihf-strip
configure:2415: found /home/ubuntu/Desktop/smartcam/tools/armv8-rpi3-linux-gnueabihf/bin/armv8-rpi3-linux-gnueabihf-strip
configure:2426: result: armv8-rpi3-linux-gnueabihf-strip
configure:2491: checking for a thread-safe mkdir -p
configure:2530: result: /bin/mkdir -p
configure:2537: checking for gawk
configure:2553: found /usr/bin/gawk
configure:2564: result: gawk
configure:2575: checking whether make sets $(MAKE)
configure:2597: result: yes
configure:2626: checking whether make supports nested variables
configure:2643: result: yes
configure:2738: checking whether make supports nested variables
configure:2755: result: yes
configure:2778: checking for style of include used by make
configure:2806: result: GNU
configure:2837: checking for armv8-rpi3-linux-gnueabihf-gcc
configure:2853: found /home/ubuntu/Desktop/smartcam/tools/armv8-rpi3-linux-gnueabihf/bin/armv8-rpi3-linux-gnueabihf-gcc
configure:2864: result: armv8-rpi3-linux-gnueabihf-gcc
configure:3133: checking for C compiler version
configure:3142: armv8-rpi3-linux-gnueabihf-gcc --version >&5
armv8-rpi3-linux-gnueabihf-gcc (crosstool-NG 1.24.0.105_5659366) 8.4.0
Copyright (C) 2018 Free Software Foundation, Inc.
This is free software; see the source for copying conditions.  There is NO
warranty; not even for MERCHANTABILITY or FITNESS FOR A PARTICULAR PURPOSE.

configure:3153: $? = 0
configure:3142: armv8-rpi3-linux-gnueabihf-gcc -v >&5
Using built-in specs.
COLLECT_GCC=armv8-rpi3-linux-gnueabihf-gcc
COLLECT_LTO_WRAPPER=/home/ubuntu/Desktop/smartcam/tools/armv8-rpi3-linux-gnueabihf/bin/../libexec/gcc/armv8-rpi3-linux-gnueabihf/8.4.0/lto-wrapper
Target: armv8-rpi3-linux-gnueabihf
Configured with: /home/ubuntu/Desktop/work-dir/.build/armv8-rpi3-linux-gnueabihf/src/gcc/configure --build=x86_64-build_pc-linux-gnu --host=x86_64-build_pc-linux-gnu --target=armv8-rpi3-linux-gnueabihf --prefix=/home/ubuntu/x-tools/armv8-rpi3-linux-gnueabihf --with-sysroot=/home/ubuntu/x-tools/armv8-rpi3-linux-gnueabihf/armv8-rpi3-linux-gnueabihf/sysroot --enable-languages=c,c++ --with-cpu=cortex-a53 --with-fpu=neon-vfpv4 --with-float=hard --with-pkgversion='crosstool-NG 1.24.0.105_5659366' --enable-__cxa_atexit --disable-libmudflap --disable-libgomp --disable-libssp --disable-libquadmath --disable-libquadmath-support --disable-libsanitizer --disable-libmpx --with-gmp=/home/ubuntu/Desktop/work-dir/.build/armv8-rpi3-linux-gnueabihf/buildtools --with-mpfr=/home/ubuntu/Desktop/work-dir/.build/armv8-rpi3-linux-gnueabihf/buildtools --with-mpc=/home/ubuntu/Desktop/work-dir/.build/armv8-rpi3-linux-gnueabihf/buildtools --with-isl=/home/ubuntu/Desktop/work-dir/.build/armv8-rpi3-linux-gnueabihf/buildtools --enable-lto --with-host-libstdcxx='-static-libgcc -Wl,-Bstatic,-lstdc++,-Bdynamic -lm' --enable-threads=posix --enable-target-optspace --enable-plugin --enable-gold --disable-nls --disable-multilib --with-local-prefix=/home/ubuntu/x-tools/armv8-rpi3-linux-gnueabihf/armv8-rpi3-linux-gnueabihf/sysroot --enable-long-long
Thread model: posix
gcc version 8.4.0 (crosstool-NG 1.24.0.105_5659366) 
configure:3153: $? = 0
configure:3142: armv8-rpi3-linux-gnueabihf-gcc -V >&5
armv8-rpi3-linux-gnueabihf-gcc: error: unrecognized command line option '-V'
armv8-rpi3-linux-gnueabihf-gcc: fatal error: no input files
compilation terminated.
configure:3153: $? = 1
configure:3142: armv8-rpi3-linux-gnueabihf-gcc -qversion >&5
armv8-rpi3-linux-gnueabihf-gcc: error: unrecognized command line option '-qversion'; did you mean '--version'?
armv8-rpi3-linux-gnueabihf-gcc: fatal error: no input files
compilation terminated.
configure:3153: $? = 1
configure:3173: checking whether the C compiler works
configure:3195: armv8-rpi3-linux-gnueabihf-gcc    conftest.c  >&5
configure:3199: $? = 0
configure:3247: result: yes
configure:3250: checking for C compiler default output file name
configure:3252: result: a.out
configure:3258: checking for suffix of executables
configure:3265: armv8-rpi3-linux-gnueabihf-gcc -o conftest    conftest.c  >&5
configure:3269: $? = 0
configure:3291: result: 
configure:3313: checking whether we are cross compiling
configure:3321: armv8-rpi3-linux-gnueabihf-gcc -o conftest    conftest.c  >&5
configure:3325: $? = 0
configure:3332: ./conftest
/lib/ld-linux-armhf.so.3: No such file or directory
configure:3336: $? = 255
configure:3351: result: yes
configure:3356: checking for suffix of object files
configure:3378: armv8-rpi3-linux-gnueabihf-gcc -c   conftest.c >&5
configure:3382: $? = 0
configure:3403: result: o
configure:3407: checking whether we are using the GNU C compiler
configure:3426: armv8-rpi3-linux-gnueabihf-gcc -c   conftest.c >&5
configure:3426: $? = 0
configure:3435: result: yes
configure:3444: checking whether armv8-rpi3-linux-gnueabihf-gcc accepts -g
configure:3464: armv8-rpi3-linux-gnueabihf-gcc -c -g  conftest.c >&5
configure:3464: $? = 0
configure:3505: result: yes
configure:3522: checking for armv8-rpi3-linux-gnueabihf-gcc option to accept ISO C89
configure:3585: armv8-rpi3-linux-gnueabihf-gcc  -c -g -O2  conftest.c >&5
configure:3585: $? = 0
configure:3598: result: none needed
configure:3620: checking dependency style of armv8-rpi3-linux-gnueabihf-gcc
configure:3731: result: gcc3
configure:3752: checking for armv8-rpi3-linux-gnueabihf-ar
configure:3768: found /home/ubuntu/Desktop/smartcam/tools/armv8-rpi3-linux-gnueabihf/bin/armv8-rpi3-linux-gnueabihf-ar
configure:3779: result: armv8-rpi3-linux-gnueabihf-ar
configure:3849: checking the archiver (armv8-rpi3-linux-gnueabihf-ar) interface
configure:3859: armv8-rpi3-linux-gnueabihf-gcc -c -g -O2  conftest.c >&5
configure:3859: $? = 0
configure:3861: armv8-rpi3-linux-gnueabihf-ar cru libconftest.a conftest.o >&5
armv8-rpi3-linux-gnueabihf-ar: `u' modifier ignored since `D' is the default (see `U')
configure:3864: $? = 0
configure:3887: result: ar
configure:3934: checking for armv8-rpi3-linux-gnueabihf-gcc
configure:3961: result: armv8-rpi3-linux-gnueabihf-gcc
configure:4230: checking for C compiler version
configure:4239: armv8-rpi3-linux-gnueabihf-gcc --version >&5
armv8-rpi3-linux-gnueabihf-gcc (crosstool-NG 1.24.0.105_5659366) 8.4.0
Copyright (C) 2018 Free Software Foundation, Inc.
This is free software; see the source for copying conditions.  There is NO
warranty; not even for MERCHANTABILITY or FITNESS FOR A PARTICULAR PURPOSE.

configure:4250: $? = 0
configure:4239: armv8-rpi3-linux-gnueabihf-gcc -v >&5
Using built-in specs.
COLLECT_GCC=armv8-rpi3-linux-gnueabihf-gcc
COLLECT_LTO_WRAPPER=/home/ubuntu/Desktop/smartcam/tools/armv8-rpi3-linux-gnueabihf/bin/../libexec/gcc/armv8-rpi3-linux-gnueabihf/8.4.0/lto-wrapper
Target: armv8-rpi3-linux-gnueabihf
Configured with: /home/ubuntu/Desktop/work-dir/.build/armv8-rpi3-linux-gnueabihf/src/gcc/configure --build=x86_64-build_pc-linux-gnu --host=x86_64-build_pc-linux-gnu --target=armv8-rpi3-linux-gnueabihf --prefix=/home/ubuntu/x-tools/armv8-rpi3-linux-gnueabihf --with-sysroot=/home/ubuntu/x-tools/armv8-rpi3-linux-gnueabihf/armv8-rpi3-linux-gnueabihf/sysroot --enable-languages=c,c++ --with-cpu=cortex-a53 --with-fpu=neon-vfpv4 --with-float=hard --with-pkgversion='crosstool-NG 1.24.0.105_5659366' --enable-__cxa_atexit --disable-libmudflap --disable-libgomp --disable-libssp --disable-libquadmath --disable-libquadmath-support --disable-libsanitizer --disable-libmpx --with-gmp=/home/ubuntu/Desktop/work-dir/.build/armv8-rpi3-linux-gnueabihf/buildtools --with-mpfr=/home/ubuntu/Desktop/work-dir/.build/armv8-rpi3-linux-gnueabihf/buildtools --with-mpc=/home/ubuntu/Desktop/work-dir/.build/armv8-rpi3-linux-gnueabihf/buildtools --with-isl=/home/ubuntu/Desktop/work-dir/.build/armv8-rpi3-linux-gnueabihf/buildtools --enable-lto --with-host-libstdcxx='-static-libgcc -Wl,-Bstatic,-lstdc++,-Bdynamic -lm' --enable-threads=posix --enable-target-optspace --enable-plugin --enable-gold --disable-nls --disable-multilib --with-local-prefix=/home/ubuntu/x-tools/armv8-rpi3-linux-gnueabihf/armv8-rpi3-linux-gnueabihf/sysroot --enable-long-long
Thread model: posix
gcc version 8.4.0 (crosstool-NG 1.24.0.105_5659366) 
configure:4250: $? = 0
configure:4239: armv8-rpi3-linux-gnueabihf-gcc -V >&5
armv8-rpi3-linux-gnueabihf-gcc: error: unrecognized command line option '-V'
armv8-rpi3-linux-gnueabihf-gcc: fatal error: no input files
compilation terminated.
configure:4250: $? = 1
configure:4239: armv8-rpi3-linux-gnueabihf-gcc -qversion >&5
armv8-rpi3-linux-gnueabihf-gcc: error: unrecognized command line option '-qversion'; did you mean '--version'?
armv8-rpi3-linux-gnueabihf-gcc: fatal error: no input files
compilation terminated.
configure:4250: $? = 1
configure:4254: checking whether we are using the GNU C compiler
configure:4282: result: yes
configure:4291: checking whether armv8-rpi3-linux-gnueabihf-gcc accepts -g
configure:4352: result: yes
configure:4369: checking for armv8-rpi3-linux-gnueabihf-gcc option to accept ISO C89
configure:4445: result: none needed
configure:4467: checking dependency style of armv8-rpi3-linux-gnueabihf-gcc
configure:4578: result: gcc3
configure:4594: checking whether armv8-rpi3-linux-gnueabihf-gcc and cc understand -c and -o together
configure:4625: armv8-rpi3-linux-gnueabihf-gcc -c conftest.c -o conftest2.o >&5
configure:4629: $? = 0
configure:4635: armv8-rpi3-linux-gnueabihf-gcc -c conftest.c -o conftest2.o >&5
configure:4639: $? = 0
configure:4650: cc -c conftest.c >&5
configure:4654: $? = 0
configure:4662: cc -c conftest.c -o conftest2.o >&5
configure:4666: $? = 0
configure:4672: cc -c conftest.c -o conftest2.o >&5
configure:4676: $? = 0
configure:4694: result: yes
configure:4749: checking build system type
configure:4763: result: x86_64-unknown-linux-gnu
configure:4783: checking host system type
configure:4796: result: armv8-rpi3-linux-gnueabihf
configure:4837: checking how to print strings
configure:4864: result: printf
configure:4885: checking for a sed that does not truncate output
configure:4949: result: /bin/sed
configure:4967: checking for grep that handles long lines and -e
configure:5025: result: /bin/grep
configure:5030: checking for egrep
configure:5092: result: /bin/grep -E
configure:5097: checking for fgrep
configure:5159: result: /bin/grep -F
configure:5194: checking for ld used by armv8-rpi3-linux-gnueabihf-gcc
configure:5261: result: /home/ubuntu/Desktop/smartcam/tools/armv8-rpi3-linux-gnueabihf/armv8-rpi3-linux-gnueabihf/bin/ld
configure:5268: checking if the linker (/home/ubuntu/Desktop/smartcam/tools/armv8-rpi3-linux-gnueabihf/armv8-rpi3-linux-gnueabihf/bin/ld) is GNU ld
configure:5283: result: yes
configure:5295: checking for BSD- or MS-compatible name lister (nm)
configure:5344: result: /home/ubuntu/Desktop/smartcam/tools/armv8-rpi3-linux-gnueabihf/bin/armv8-rpi3-linux-gnueabihf-nm -B
configure:5474: checking the name lister (/home/ubuntu/Desktop/smartcam/tools/armv8-rpi3-linux-gnueabihf/bin/armv8-rpi3-linux-gnueabihf-nm -B) interface
configure:5481: armv8-rpi3-linux-gnueabihf-gcc -c -g -O2  conftest.c >&5
configure:5484: /home/ubuntu/Desktop/smartcam/tools/armv8-rpi3-linux-gnueabihf/bin/armv8-rpi3-linux-gnueabihf-nm -B "conftest.o"
configure:5487: output
00000000 B some_variable
configure:5494: result: BSD nm
configure:5497: checking whether ln -s works
configure:5501: result: yes
configure:5509: checking the maximum length of command line arguments
configure:5639: result: 1572864
configure:5656: checking whether the shell understands some XSI constructs
configure:5666: result: yes
configure:5670: checking whether the shell understands "+="
configure:5676: result: yes
configure:5711: checking how to convert x86_64-unknown-linux-gnu file names to armv8-rpi3-linux-gnueabihf format
configure:5751: result: func_convert_file_noop
configure:5758: checking how to convert x86_64-unknown-linux-gnu file names to toolchain format
configure:5778: result: func_convert_file_noop
configure:5785: checking for /home/ubuntu/Desktop/smartcam/tools/armv8-rpi3-linux-gnueabihf/armv8-rpi3-linux-gnueabihf/bin/ld option to reload object files
configure:5792: result: -r
configure:5826: checking for armv8-rpi3-linux-gnueabihf-objdump
configure:5842: found /home/ubuntu/Desktop/smartcam/tools/armv8-rpi3-linux-gnueabihf/bin/armv8-rpi3-linux-gnueabihf-objdump
configure:5853: result: armv8-rpi3-linux-gnueabihf-objdump
configure:5925: checking how to recognize dependent libraries
configure:6127: result: pass_all
configure:6172: checking for armv8-rpi3-linux-gnueabihf-dlltool
configure:6202: result: no
configure:6212: checking for dlltool
configure:6242: result: no
configure:6272: checking how to associate runtime and link libraries
configure:6299: result: printf %s\n
configure:6315: checking for armv8-rpi3-linux-gnueabihf-ar
configure:6342: result: armv8-rpi3-linux-gnueabihf-ar
configure:6423: checking for archiver @FILE support
configure:6440: armv8-rpi3-linux-gnueabihf-gcc -c -g -O2  conftest.c >&5
configure:6440: $? = 0
configure:6443: armv8-rpi3-linux-gnueabihf-ar cru libconftest.a @conftest.lst >&5
armv8-rpi3-linux-gnueabihf-ar: `u' modifier ignored since `D' is the default (see `U')
configure:6446: $? = 0
configure:6451: armv8-rpi3-linux-gnueabihf-ar cru libconftest.a @conftest.lst >&5
armv8-rpi3-linux-gnueabihf-ar: `u' modifier ignored since `D' is the default (see `U')
armv8-rpi3-linux-gnueabihf-ar: conftest.o: No such file or directory
configure:6454: $? = 1
configure:6466: result: @
configure:6484: checking for armv8-rpi3-linux-gnueabihf-strip
configure:6511: result: armv8-rpi3-linux-gnueabihf-strip
configure:6583: checking for armv8-rpi3-linux-gnueabihf-ranlib
configure:6599: found /home/ubuntu/Desktop/smartcam/tools/armv8-rpi3-linux-gnueabihf/bin/armv8-rpi3-linux-gnueabihf-ranlib
configure:6610: result: armv8-rpi3-linux-gnueabihf-ranlib
configure:6752: checking command to parse /home/ubuntu/Desktop/smartcam/tools/armv8-rpi3-linux-gnueabihf/bin/armv8-rpi3-linux-gnueabihf-nm -B output from armv8-rpi3-linux-gnueabihf-gcc object
configure:6872: armv8-rpi3-linux-gnueabihf-gcc -c -g -O2  conftest.c >&5
configure:6875: $? = 0
configure:6879: /home/ubuntu/Desktop/smartcam/tools/armv8-rpi3-linux-gnueabihf/bin/armv8-rpi3-linux-gnueabihf-nm -B conftest.o \| sed -n -e 's/^.*[ ]\([ABCDGIRSTW][ABCDGIRSTW]*\)[ ][ ]*\([_A-Za-z][_A-Za-z0-9]*\)$/\1 \2 \2/p' | sed '/ __gnu_lto/d' \> conftest.nm
configure:6882: $? = 0
configure:6948: armv8-rpi3-linux-gnueabihf-gcc -o conftest -g -O2   conftest.c conftstm.o >&5
configure:6951: $? = 0
configure:6989: result: ok
configure:7026: checking for sysroot
configure:7056: result: no
configure:7278: checking for armv8-rpi3-linux-gnueabihf-mt
configure:7308: result: no
configure:7318: checking for mt
configure:7334: found /bin/mt
configure:7345: result: mt
configure:7357: WARNING: using cross tools not prefixed with host triplet
configure:7368: checking if mt is a manifest tool
configure:7374: mt '-?'
configure:7382: result: no
configure:8024: checking how to run the C preprocessor
configure:8055: armv8-rpi3-linux-gnueabihf-gcc -E  conftest.c
configure:8055: $? = 0
configure:8069: armv8-rpi3-linux-gnueabihf-gcc -E  conftest.c
conftest.c:11:10: fatal error: ac_nonexistent.h: No such file or directory
 #include <ac_nonexistent.h>
          ^~~~~~~~~~~~~~~~~~
compilation terminated.
configure:8069: $? = 1
configure: failed program was:
| /* confdefs.h */
| #define PACKAGE_NAME "libnl"
| #define PACKAGE_TARNAME "libnl"
| #define PACKAGE_VERSION "3.2.25"
| #define PACKAGE_STRING "libnl 3.2.25"
| #define PACKAGE_BUGREPORT ""
| #define PACKAGE_URL "http://www.infradead.org/~tgr/libnl/"
| #define PACKAGE "libnl"
| #define VERSION "3.2.25"
| /* end confdefs.h.  */
| #include <ac_nonexistent.h>
configure:8094: result: armv8-rpi3-linux-gnueabihf-gcc -E
configure:8114: armv8-rpi3-linux-gnueabihf-gcc -E  conftest.c
configure:8114: $? = 0
configure:8128: armv8-rpi3-linux-gnueabihf-gcc -E  conftest.c
conftest.c:11:10: fatal error: ac_nonexistent.h: No such file or directory
 #include <ac_nonexistent.h>
          ^~~~~~~~~~~~~~~~~~
compilation terminated.
configure:8128: $? = 1
configure: failed program was:
| /* confdefs.h */
| #define PACKAGE_NAME "libnl"
| #define PACKAGE_TARNAME "libnl"
| #define PACKAGE_VERSION "3.2.25"
| #define PACKAGE_STRING "libnl 3.2.25"
| #define PACKAGE_BUGREPORT ""
| #define PACKAGE_URL "http://www.infradead.org/~tgr/libnl/"
| #define PACKAGE "libnl"
| #define VERSION "3.2.25"
| /* end confdefs.h.  */
| #include <ac_nonexistent.h>
configure:8157: checking for ANSI C header files
configure:8177: armv8-rpi3-linux-gnueabihf-gcc -c -g -O2  conftest.c >&5
configure:8177: $? = 0
configure:8261: result: yes
configure:8274: checking for sys/types.h
configure:8274: armv8-rpi3-linux-gnueabihf-gcc -c -g -O2  conftest.c >&5
configure:8274: $? = 0
configure:8274: result: yes
configure:8274: checking for sys/stat.h
configure:8274: armv8-rpi3-linux-gnueabihf-gcc -c -g -O2  conftest.c >&5
configure:8274: $? = 0
configure:8274: result: yes
configure:8274: checking for stdlib.h
configure:8274: armv8-rpi3-linux-gnueabihf-gcc -c -g -O2  conftest.c >&5
configure:8274: $? = 0
configure:8274: result: yes
configure:8274: checking for string.h
configure:8274: armv8-rpi3-linux-gnueabihf-gcc -c -g -O2  conftest.c >&5
configure:8274: $? = 0
configure:8274: result: yes
configure:8274: checking for memory.h
configure:8274: armv8-rpi3-linux-gnueabihf-gcc -c -g -O2  conftest.c >&5
configure:8274: $? = 0
configure:8274: result: yes
configure:8274: checking for strings.h
configure:8274: armv8-rpi3-linux-gnueabihf-gcc -c -g -O2  conftest.c >&5
configure:8274: $? = 0
configure:8274: result: yes
configure:8274: checking for inttypes.h
configure:8274: armv8-rpi3-linux-gnueabihf-gcc -c -g -O2  conftest.c >&5
configure:8274: $? = 0
configure:8274: result: yes
configure:8274: checking for stdint.h
configure:8274: armv8-rpi3-linux-gnueabihf-gcc -c -g -O2  conftest.c >&5
configure:8274: $? = 0
configure:8274: result: yes
configure:8274: checking for unistd.h
configure:8274: armv8-rpi3-linux-gnueabihf-gcc -c -g -O2  conftest.c >&5
configure:8274: $? = 0
configure:8274: result: yes
configure:8288: checking for dlfcn.h
configure:8288: armv8-rpi3-linux-gnueabihf-gcc -c -g -O2  conftest.c >&5
configure:8288: $? = 0
configure:8288: result: yes
configure:8494: checking for objdir
configure:8509: result: .libs
configure:8780: checking if armv8-rpi3-linux-gnueabihf-gcc supports -fno-rtti -fno-exceptions
configure:8798: armv8-rpi3-linux-gnueabihf-gcc -c -g -O2  -fno-rtti -fno-exceptions conftest.c >&5
cc1: warning: command line option '-fno-rtti' is valid for C++/ObjC++ but not for C
configure:8802: $? = 0
configure:8815: result: no
configure:9142: checking for armv8-rpi3-linux-gnueabihf-gcc option to produce PIC
configure:9149: result: -fPIC -DPIC
configure:9157: checking if armv8-rpi3-linux-gnueabihf-gcc PIC flag -fPIC -DPIC works
configure:9175: armv8-rpi3-linux-gnueabihf-gcc -c -g -O2  -fPIC -DPIC -DPIC conftest.c >&5
configure:9179: $? = 0
configure:9192: result: yes
configure:9221: checking if armv8-rpi3-linux-gnueabihf-gcc static flag -static works
configure:9249: result: yes
configure:9264: checking if armv8-rpi3-linux-gnueabihf-gcc supports -c -o file.o
configure:9285: armv8-rpi3-linux-gnueabihf-gcc -c -g -O2  -o out/conftest2.o conftest.c >&5
configure:9289: $? = 0
configure:9311: result: yes
configure:9319: checking if armv8-rpi3-linux-gnueabihf-gcc supports -c -o file.o
configure:9366: result: yes
configure:9399: checking whether the armv8-rpi3-linux-gnueabihf-gcc linker (/home/ubuntu/Desktop/smartcam/tools/armv8-rpi3-linux-gnueabihf/armv8-rpi3-linux-gnueabihf/bin/ld) supports shared libraries
configure:10552: result: yes
configure:10589: checking whether -lc should be explicitly linked in
configure:10597: armv8-rpi3-linux-gnueabihf-gcc -c -g -O2  conftest.c >&5
configure:10600: $? = 0
configure:10615: armv8-rpi3-linux-gnueabihf-gcc -shared  -fPIC -DPIC conftest.o  -v -Wl,-soname -Wl,conftest -o conftest 2\>\&1 \| /bin/grep  -lc  \>/dev/null 2\>\&1
configure:10618: $? = 0
configure:10632: result: no
configure:10792: checking dynamic linker characteristics
configure:11303: armv8-rpi3-linux-gnueabihf-gcc -o conftest -g -O2   -Wl,-rpath -Wl,/foo conftest.c  >&5
configure:11303: $? = 0
configure:11529: result: GNU/Linux ld.so
configure:11636: checking how to hardcode library paths into programs
configure:11661: result: immediate
configure:12201: checking whether stripping libraries is possible
configure:12206: result: yes
configure:12241: checking if libtool supports shared libraries
configure:12243: result: yes
configure:12246: checking whether to build shared libraries
configure:12267: result: yes
configure:12270: checking whether to build static libraries
configure:12274: result: yes
configure:12316: checking for flex
configure:12332: found /usr/bin/flex
configure:12343: result: flex
configure:12358: checking for bison
configure:12374: found /usr/bin/bison
configure:12385: result: bison -y
configure:12397: checking for an ANSI C-conforming const
configure:12463: armv8-rpi3-linux-gnueabihf-gcc -c -g -O2  conftest.c >&5
configure:12463: $? = 0
configure:12470: result: yes
configure:12478: checking for inline
configure:12494: armv8-rpi3-linux-gnueabihf-gcc -c -g -O2  conftest.c >&5
configure:12494: $? = 0
configure:12502: result: inline
configure:12532: checking for armv8-rpi3-linux-gnueabihf-pkg-config
configure:12565: result: no
configure:12575: checking for pkg-config
configure:12593: found /usr/bin/pkg-config
configure:12605: result: /usr/bin/pkg-config
configure:12630: checking pkg-config is at least version 0.9.0
configure:12633: result: yes
configure:12643: checking for CHECK
configure:12650: $PKG_CONFIG --exists --print-errors "check >= 0.9.0"
Package check was not found in the pkg-config search path.
Perhaps you should add the directory containing `check.pc'
to the PKG_CONFIG_PATH environment variable
No package 'check' found
configure:12653: $? = 1
configure:12667: $PKG_CONFIG --exists --print-errors "check >= 0.9.0"
Package check was not found in the pkg-config search path.
Perhaps you should add the directory containing `check.pc'
to the PKG_CONFIG_PATH environment variable
No package 'check' found
configure:12670: $? = 1
configure:12684: result: no
No package 'check' found
configure:12700: WARNING: *** Disabling building of unit tests
configure:12784: checking for pow in -lm
configure:12809: armv8-rpi3-linux-gnueabihf-gcc -o conftest -g -O2   conftest.c -lm   >&5
conftest.c:30:6: warning: conflicting types for built-in function 'pow' [-Wbuiltin-declaration-mismatch]
 char pow ();
      ^~~
configure:12809: $? = 0
configure:12818: result: yes
configure:12837: checking for pthread_mutex_lock in -lpthread
configure:12862: armv8-rpi3-linux-gnueabihf-gcc -o conftest -g -O2   conftest.c -lpthread  -lm  >&5
configure:12862: $? = 0
configure:12871: result: yes
configure:13024: checking that generated files are newer than configure
configure:13030: result: done
configure:13073: creating ./config.status

## ---------------------- ##
## Running config.status. ##
## ---------------------- ##

This file was extended by libnl config.status 3.2.25, which was
generated by GNU Autoconf 2.69.  Invocation command line was

  CONFIG_FILES    = 
  CONFIG_HEADERS  = 
  CONFIG_LINKS    = 
  CONFIG_COMMANDS = 
  $ ./config.status 

on ubuntu-Virtual-Machine

config.status:1126: creating Makefile
config.status:1126: creating libnl.sym
config.status:1126: creating libnl-3.0.pc
config.status:1126: creating libnl-route-3.0.pc
config.status:1126: creating libnl-genl-3.0.pc
config.status:1126: creating libnl-nf-3.0.pc
config.status:1126: creating libnl-cli-3.0.pc
config.status:1126: creating lib/Makefile
config.status:1126: creating include/Makefile
config.status:1126: creating src/Makefile
config.status:1126: creating src/lib/Makefile
config.status:1126: creating tests/Makefile
config.status:1126: creating man/Makefile
config.status:1126: creating python/Makefile
config.status:1126: creating python/setup.py
config.status:1126: creating python/doc/Makefile
config.status:1126: creating python/examples/Makefile
config.status:1126: creating python/netlink/Makefile
config.status:1126: creating python/netlink/genl/Makefile
config.status:1126: creating python/netlink/route/Makefile
config.status:1126: creating python/tests/Makefile
config.status:1126: creating include/netlink/version.h
config.status:1126: creating lib/defs.h
config.status:1355: executing depfiles commands
config.status:1355: executing libtool commands

## ---------------- ##
## Cache variables. ##
## ---------------- ##

ac_cv_build=x86_64-unknown-linux-gnu
ac_cv_c_compiler_gnu=yes
ac_cv_c_const=yes
ac_cv_c_inline=inline
ac_cv_env_CC_set=
ac_cv_env_CC_value=
ac_cv_env_CFLAGS_set=
ac_cv_env_CFLAGS_value=
ac_cv_env_CHECK_CFLAGS_set=
ac_cv_env_CHECK_CFLAGS_value=
ac_cv_env_CHECK_LIBS_set=
ac_cv_env_CHECK_LIBS_value=
ac_cv_env_CPPFLAGS_set=
ac_cv_env_CPPFLAGS_value=
ac_cv_env_CPP_set=
ac_cv_env_CPP_value=
ac_cv_env_LDFLAGS_set=
ac_cv_env_LDFLAGS_value=
ac_cv_env_LIBS_set=
ac_cv_env_LIBS_value=
ac_cv_env_PKG_CONFIG_LIBDIR_set=
ac_cv_env_PKG_CONFIG_LIBDIR_value=
ac_cv_env_PKG_CONFIG_PATH_set=
ac_cv_env_PKG_CONFIG_PATH_value=
ac_cv_env_PKG_CONFIG_set=
ac_cv_env_PKG_CONFIG_value=
ac_cv_env_build_alias_set=
ac_cv_env_build_alias_value=
ac_cv_env_host_alias_set=set
ac_cv_env_host_alias_value=armv8-rpi3-linux-gnueabihf
ac_cv_env_target_alias_set=
ac_cv_env_target_alias_value=
ac_cv_header_dlfcn_h=yes
ac_cv_header_inttypes_h=yes
ac_cv_header_memory_h=yes
ac_cv_header_stdc=yes
ac_cv_header_stdint_h=yes
ac_cv_header_stdlib_h=yes
ac_cv_header_string_h=yes
ac_cv_header_strings_h=yes
ac_cv_header_sys_stat_h=yes
ac_cv_header_sys_types_h=yes
ac_cv_header_unistd_h=yes
ac_cv_host=armv8-rpi3-linux-gnueabihf
ac_cv_lib_m_pow=yes
ac_cv_lib_pthread_pthread_mutex_lock=yes
ac_cv_objext=o
ac_cv_path_EGREP='/bin/grep -E'
ac_cv_path_FGREP='/bin/grep -F'
ac_cv_path_GREP=/bin/grep
ac_cv_path_SED=/bin/sed
ac_cv_path_ac_pt_PKG_CONFIG=/usr/bin/pkg-config
ac_cv_path_install='/usr/bin/install -c'
ac_cv_path_mkdir=/bin/mkdir
ac_cv_prog_AR=armv8-rpi3-linux-gnueabihf-ar
ac_cv_prog_AWK=gawk
ac_cv_prog_CC=armv8-rpi3-linux-gnueabihf-gcc
ac_cv_prog_CPP='armv8-rpi3-linux-gnueabihf-gcc -E'
ac_cv_prog_FLEX=flex
ac_cv_prog_OBJDUMP=armv8-rpi3-linux-gnueabihf-objdump
ac_cv_prog_RANLIB=armv8-rpi3-linux-gnueabihf-ranlib
ac_cv_prog_STRIP=armv8-rpi3-linux-gnueabihf-strip
ac_cv_prog_YACC='bison -y'
ac_cv_prog_ac_ct_MANIFEST_TOOL=mt
ac_cv_prog_cc_armv8_rpi3_linux_gnueabihf_gcc_c_o=yes
ac_cv_prog_cc_c89=
ac_cv_prog_cc_g=yes
ac_cv_prog_make_make_set=yes
am_cv_CC_dependencies_compiler_type=gcc3
am_cv_ar_interface=ar
am_cv_make_support_nested_variables=yes
lt_cv_ar_at_file=@
lt_cv_archive_cmds_need_lc=no
lt_cv_deplibs_check_method=pass_all
lt_cv_file_magic_cmd='$MAGIC_CMD'
lt_cv_file_magic_test_file=
lt_cv_ld_reload_flag=-r
lt_cv_nm_interface='BSD nm'
lt_cv_objdir=.libs
lt_cv_path_LD=/home/ubuntu/Desktop/smartcam/tools/armv8-rpi3-linux-gnueabihf/armv8-rpi3-linux-gnueabihf/bin/ld
lt_cv_path_NM='/home/ubuntu/Desktop/smartcam/tools/armv8-rpi3-linux-gnueabihf/bin/armv8-rpi3-linux-gnueabihf-nm -B'
lt_cv_path_mainfest_tool=no
lt_cv_prog_compiler_c_o=yes
lt_cv_prog_compiler_pic='-fPIC -DPIC'
lt_cv_prog_compiler_pic_works=yes
lt_cv_prog_compiler_rtti_exceptions=no
lt_cv_prog_compiler_static_works=yes
lt_cv_prog_gnu_ld=yes
lt_cv_sharedlib_from_linklib_cmd='printf %s\n'
lt_cv_shlibpath_overrides_runpath=no
lt_cv_sys_global_symbol_pipe='sed -n -e '\''s/^.*[	 ]\([ABCDGIRSTW][ABCDGIRSTW]*\)[	 ][	 ]*\([_A-Za-z][_A-Za-z0-9]*\)$/\1 \2 \2/p'\'' | sed '\''/ __gnu_lto/d'\'''
lt_cv_sys_global_symbol_to_c_name_address='sed -n -e '\''s/^: \([^ ]*\)[ ]*$/  {\"\1\", (void *) 0},/p'\'' -e '\''s/^[ABCDGIRSTW]* \([^ ]*\) \([^ ]*\)$/  {"\2", (void *) \&\2},/p'\'''
lt_cv_sys_global_symbol_to_c_name_address_lib_prefix='sed -n -e '\''s/^: \([^ ]*\)[ ]*$/  {\"\1\", (void *) 0},/p'\'' -e '\''s/^[ABCDGIRSTW]* \([^ ]*\) \(lib[^ ]*\)$/  {"\2", (void *) \&\2},/p'\'' -e '\''s/^[ABCDGIRSTW]* \([^ ]*\) \([^ ]*\)$/  {"lib\2", (void *) \&\2},/p'\'''
lt_cv_sys_global_symbol_to_cdecl='sed -n -e '\''s/^T .* \(.*\)$/extern int \1();/p'\'' -e '\''s/^[ABCDGIRSTW]* .* \(.*\)$/extern char \1;/p'\'''
lt_cv_sys_max_cmd_len=1572864
lt_cv_to_host_file_cmd=func_convert_file_noop
lt_cv_to_tool_file_cmd=func_convert_file_noop

## ----------------- ##
## Output variables. ##
## ----------------- ##

ACLOCAL='${SHELL} /home/ubuntu/Desktop/smartcam/libnl-3.2.25/build-aux/missing aclocal-1.13'
AMDEPBACKSLASH='\'
AMDEP_FALSE='#'
AMDEP_TRUE=''
AMTAR='$${TAR-tar}'
AM_BACKSLASH='\'
AM_DEFAULT_V='$(AM_DEFAULT_VERBOSITY)'
AM_DEFAULT_VERBOSITY='0'
AM_V='$(V)'
AR='armv8-rpi3-linux-gnueabihf-ar'
AUTOCONF='${SHELL} /home/ubuntu/Desktop/smartcam/libnl-3.2.25/build-aux/missing autoconf'
AUTOHEADER='${SHELL} /home/ubuntu/Desktop/smartcam/libnl-3.2.25/build-aux/missing autoheader'
AUTOMAKE='${SHELL} /home/ubuntu/Desktop/smartcam/libnl-3.2.25/build-aux/missing automake-1.13'
AWK='gawk'
CC='armv8-rpi3-linux-gnueabihf-gcc'
CCDEPMODE='depmode=gcc3'
CFLAGS='-g -O2'
CHECK_CFLAGS=''
CHECK_LIBS=''
CPP='armv8-rpi3-linux-gnueabihf-gcc -E'
CPPFLAGS=''
CYGPATH_W='echo'
DEFS='-DHAVE_CONFIG_H'
DEPDIR='.deps'
DISABLE_PTHREADS_FALSE=''
DISABLE_PTHREADS_TRUE='#'
DLLTOOL='false'
DSYMUTIL=''
DUMPBIN=''
ECHO_C=''
ECHO_N='-n'
ECHO_T=''
EGREP='/bin/grep -E'
ENABLE_CLI_FALSE='#'
ENABLE_CLI_TRUE=''
ENABLE_DEBUG_FALSE=''
ENABLE_DEBUG_TRUE='#'
ENABLE_UNIT_TESTS_FALSE=''
ENABLE_UNIT_TESTS_TRUE='#'
EXEEXT=''
FGREP='/bin/grep -F'
FLEX='flex'
GREP='/bin/grep'
INSTALL_DATA='${INSTALL} -m 644'
INSTALL_PROGRAM='${INSTALL}'
INSTALL_SCRIPT='${INSTALL}'
INSTALL_STRIP_PROGRAM='$(install_sh) -c -s'
LD='/home/ubuntu/Desktop/smartcam/tools/armv8-rpi3-linux-gnueabihf/armv8-rpi3-linux-gnueabihf/bin/ld'
LDFLAGS=''
LIBNL_VERSION='3.2.25'
LIBOBJS=''
LIBS='-lpthread -lm '
LIBTOOL='$(SHELL) $(top_builddir)/libtool'
LIPO=''
LN_S='ln -s'
LTLIBOBJS=''
LT_AGE='20'
LT_CURRENT='220'
LT_REVISION='0'
MAJ_VERSION='3'
MAKEINFO='${SHELL} /home/ubuntu/Desktop/smartcam/libnl-3.2.25/build-aux/missing makeinfo'
MANIFEST_TOOL=':'
MIC_VERSION='25'
MIN_VERSION='2'
MKDIR_P='/bin/mkdir -p'
NM='/home/ubuntu/Desktop/smartcam/tools/armv8-rpi3-linux-gnueabihf/bin/armv8-rpi3-linux-gnueabihf-nm -B'
NMEDIT=''
OBJDUMP='armv8-rpi3-linux-gnueabihf-objdump'
OBJEXT='o'
OTOOL64=''
OTOOL=''
PACKAGE='libnl'
PACKAGE_BUGREPORT=''
PACKAGE_NAME='libnl'
PACKAGE_STRING='libnl 3.2.25'
PACKAGE_TARNAME='libnl'
PACKAGE_URL='http://www.infradead.org/~tgr/libnl/'
PACKAGE_VERSION='3.2.25'
PATH_SEPARATOR=':'
PKG_CONFIG='/usr/bin/pkg-config'
PKG_CONFIG_LIBDIR=''
PKG_CONFIG_PATH=''
RANLIB='armv8-rpi3-linux-gnueabihf-ranlib'
SED='/bin/sed'
SET_MAKE=''
SHELL='/bin/bash'
STRIP='armv8-rpi3-linux-gnueabihf-strip'
VERSION='3.2.25'
YACC='bison -y'
ac_ct_AR=''
ac_ct_CC=''
ac_ct_DUMPBIN=''
am__EXEEXT_FALSE=''
am__EXEEXT_TRUE='#'
am__fastdepCC_FALSE='#'
am__fastdepCC_TRUE=''
am__include='include'
am__isrc=''
am__leading_dot='.'
am__nodep='_no'
am__quote=''
am__tar='$${TAR-tar} chof - "$$tardir"'
am__untar='$${TAR-tar} xf -'
bindir='${exec_prefix}/bin'
build='x86_64-unknown-linux-gnu'
build_alias=''
build_cpu='x86_64'
build_os='linux-gnu'
build_vendor='unknown'
datadir='${datarootdir}'
datarootdir='${prefix}/share'
docdir='${datarootdir}/doc/${PACKAGE_TARNAME}'
dvidir='${docdir}'
exec_prefix='${prefix}'
host='armv8-rpi3-linux-gnueabihf'
host_alias='armv8-rpi3-linux-gnueabihf'
host_cpu='armv8'
host_os='linux-gnueabihf'
host_vendor='rpi3'
htmldir='${docdir}'
includedir='${prefix}/include'
infodir='${datarootdir}/info'
install_sh='${SHELL} /home/ubuntu/Desktop/smartcam/libnl-3.2.25/build-aux/install-sh'
libdir='${exec_prefix}/lib'
libexecdir='${exec_prefix}/libexec'
localedir='${datarootdir}/locale'
localstatedir='${prefix}/var'
mandir='${datarootdir}/man'
mkdir_p='$(MKDIR_P)'
oldincludedir='/usr/include'
pdfdir='${docdir}'
pkgconfigdir='${libdir}/pkgconfig'
prefix='/home/ubuntu/Desktop/smartcam/libnl-3.2.25/install'
program_transform_name='s,x,x,'
psdir='${docdir}'
sbindir='${exec_prefix}/sbin'
sharedstatedir='${prefix}/com'
subdirs=' doc'
sysconfdir='${prefix}/etc'
target_alias=''

## ----------- ##
## confdefs.h. ##
## ----------- ##

/* confdefs.h */
#define PACKAGE_NAME "libnl"
#define PACKAGE_TARNAME "libnl"
#define PACKAGE_VERSION "3.2.25"
#define PACKAGE_STRING "libnl 3.2.25"
#define PACKAGE_BUGREPORT ""
#define PACKAGE_URL "http://www.infradead.org/~tgr/libnl/"
#define PACKAGE "libnl"
#define VERSION "3.2.25"
#define STDC_HEADERS 1
#define HAVE_SYS_TYPES_H 1
#define HAVE_SYS_STAT_H 1
#define HAVE_STDLIB_H 1
#define HAVE_STRING_H 1
#define HAVE_MEMORY_H 1
#define HAVE_STRINGS_H 1
#define HAVE_INTTYPES_H 1
#define HAVE_STDINT_H 1
#define HAVE_UNISTD_H 1
#define HAVE_DLFCN_H 1
#define LT_OBJDIR ".libs/"
#define HAVE_LIBM 1
#define HAVE_LIBPTHREAD 1
#define NL_DEBUG 1

configure: exit 0
